<?xml version="1.0" encoding="UTF-8"?>
<!-- Generated by org.testng.reporters.JUnitReportReporter -->
<testsuite hostname="NTP-LAP-461" failures="0" tests="1" name="dockerSample.dockerSample.firefoxStandalone" time="7.358" errors="0" timestamp="2022-06-16T15:41:56 IST" skipped="0">
  <testcase classname="dockerSample.dockerSample.firefoxStandalone" name="firefox" time="7.358"/>
  <system-out/>
</testsuite> <!-- dockerSample.dockerSample.firefoxStandalone -->
