<?xml version="1.0" encoding="UTF-8"?>
<!-- Generated by org.testng.reporters.JUnitReportReporter -->
<testsuite hostname="NTP-LAP-461" failures="0" tests="1" name="dockerSample.dockerSample.chromeStandalone" time="7.932" errors="0" timestamp="2022-06-16T15:41:56 IST" skipped="0">
  <testcase classname="dockerSample.dockerSample.chromeStandalone" name="chrome" time="7.932"/>
  <system-out/>
</testsuite> <!-- dockerSample.dockerSample.chromeStandalone -->
