<?xml version="1.0" encoding="UTF-8"?>
<!-- Generated by org.testng.reporters.JUnitReportReporter -->
<testsuite hostname="NTP-LAP-461" failures="0" tests="1" name="dockerSample.dockerSample.edgeStandalone" time="6.695" errors="0" timestamp="2022-06-16T15:41:56 IST" skipped="0">
  <testcase classname="dockerSample.dockerSample.edgeStandalone" name="edge" time="6.695"/>
  <system-out/>
</testsuite> <!-- dockerSample.dockerSample.edgeStandalone -->
