<?xml version="1.0" encoding="UTF-8"?>
<!-- Generated by org.testng.reporters.JUnitReportReporter -->
<testsuite hostname="NTP-LAP-461" failures="0" tests="1" name="dockerSample.dockerSample.edgeStandalone" time="11.161" errors="0" timestamp="2022-06-15T16:39:52 IST" skipped="0">
  <testcase classname="dockerSample.dockerSample.edgeStandalone" name="edge" time="11.161"/>
  <system-out/>
</testsuite> <!-- dockerSample.dockerSample.edgeStandalone -->
