<?xml version="1.0" encoding="UTF-8"?>
<!-- Generated by org.testng.reporters.JUnitReportReporter -->
<testsuite hostname="NTP-LAP-461" failures="0" tests="1" name="dockerSample.dockerSample.edgeStandalone" time="9.871" errors="0" timestamp="2022-06-16T16:10:05 IST" skipped="0">
  <testcase classname="dockerSample.dockerSample.edgeStandalone" name="edge" time="9.871"/>
  <system-out/>
</testsuite> <!-- dockerSample.dockerSample.edgeStandalone -->
