<?xml version="1.0" encoding="UTF-8"?>
<!-- Generated by org.testng.reporters.JUnitReportReporter -->
<testsuite hostname="NTP-LAP-461" failures="0" tests="1" name="dockerSample.dockerSample.firefoxStandalone" time="25.433" errors="0" timestamp="2022-06-16T16:10:05 IST" skipped="0">
  <testcase classname="dockerSample.dockerSample.firefoxStandalone" name="firefox" time="25.433"/>
  <system-out/>
</testsuite> <!-- dockerSample.dockerSample.firefoxStandalone -->
