<?xml version="1.0" encoding="UTF-8"?>
<!-- Generated by org.testng.reporters.JUnitReportReporter -->
<testsuite hostname="NTP-LAP-461" failures="0" tests="1" name="dockerSample.dockerSample.AppTest" time="0.006" errors="0" timestamp="2022-06-14T14:25:00 IST" skipped="0">
  <testcase classname="dockerSample.dockerSample.AppTest" name="shouldAnswerWithTrue" time="0.006"/>
  <system-out/>
</testsuite> <!-- dockerSample.dockerSample.AppTest -->
