<?xml version="1.0" encoding="UTF-8"?>
<!-- Generated by org.testng.reporters.JUnitReportReporter -->
<testsuite hostname="NTP-LAP-461" failures="0" tests="1" name="dockerSample.dockerSample.chromeStandalone" time="26.848" errors="0" timestamp="2022-06-15T16:43:46 IST" skipped="0">
  <testcase classname="dockerSample.dockerSample.chromeStandalone" name="chrome" time="26.848"/>
  <system-out/>
</testsuite> <!-- dockerSample.dockerSample.chromeStandalone -->
